<?xml version="1.0" encoding="UTF-8"?>
<testsuites name="Feature Pesanan Saya" time="43.141" tests="1" failures="0" errors="0">
   <testsuite name="Feature Pesanan Saya" tests="1" failures="0" errors="0" time="43.141" skipped="0" timestamp="2022-11-01 15:50:45" hostname="Sandri - LAPTOP-F4TB7VMT" id="Test Suites/Feature Pesanan Saya">
      <properties>
         <property name="deviceName" value="Xiaomi 21081111RG (Android 12)"/>
         <property name="devicePlatform" value=""/>
         <property name="logFolder" value="C:\\Users\\Sandri\\git\\TIM3_KatalonMobile\\Reports\\20221101_155036\\Feature Pesanan Saya\\20221101_155036"/>
         <property name="logFiles" value="C:\\Users\\Sandri\\git\\TIM3_KatalonMobile\\Reports\\20221101_155036\\Feature Pesanan Saya\\20221101_155036\\appium.log, C:\\Users\\Sandri\\git\\TIM3_KatalonMobile\\Reports\\20221101_155036\\Feature Pesanan Saya\\20221101_155036\\execution0.log"/>
         <property name="attachments" value=""/>
         <property name="hostName" value="Sandri - LAPTOP-F4TB7VMT"/>
         <property name="os" value="Windows 10 64bit"/>
         <property name="appiumServerStatus" value="{&quot;value&quot;:{&quot;build&quot;:{&quot;version&quot;:&quot;1.22.3&quot;}},&quot;sessionId&quot;:null,&quot;status&quot;:0}"/>
         <property name="katalonVersion" value="8.2.0.208"/>
         <property name="deviceOS" value="Android"/>
         <property name="appiumVersion" value="1.22.3"/>
         <property name="deviceModel" value="21081111RG"/>
         <property name="hostAddress" value="192.168.1.23"/>
         <property name="deviceManufacturer" value="Xiaomi"/>
         <property name="deviceId" value="ztvkcihezx6d8hlr"/>
         <property name="deviceName" value="Xiaomi 21081111RG (Android 12)"/>
         <property name="deviceOSVersion" value="12"/>
      </properties>
      <testcase name="Test Cases/stepDefinition/Feature Pesanan Saya/PESANAN001 - Click Pesanan Saya" time="42.79" classname="Test Cases/stepDefinition/Feature Pesanan Saya/PESANAN001 - Click Pesanan Saya" status="PASSED">
         <system-out><![CDATA[2022-11-01 15:50:46 - [TEST_CASE][PASSED] - Test Cases/stepDefinition/Feature Pesanan Saya/PESANAN001 - Click Pesanan Saya: Test Cases/stepDefinition/Feature Pesanan Saya/PESANAN001 - Click Pesanan Saya

2022-11-01 15:50:46 - [TEST_STEP][PASSED] - Start listener action : beforeTestCase: Started app at: 'C:\Users\Sandri\git\TIM3_KatalonMobile\Apk\secondhand.apk'

2022-11-01 15:50:46 - [TEST_STEP][PASSED] - logInfo("Test Case: " + testCaseContext.getTestCaseId()): Test Case: Test Cases/stepDefinition/Feature Pesanan Saya/PESANAN001 - Click Pesanan Saya

2022-11-01 15:50:46 - [MESSAGE][INFO] - Test Case: Test Cases/stepDefinition/Feature Pesanan Saya/PESANAN001 - Click Pesanan Saya

2022-11-01 15:50:46 - [TEST_STEP][PASSED] - launchApp(): null

2022-11-01 15:50:46 - [TEST_STEP][PASSED] - startApplication("Apk/secondhand.apk", true): Started app at: 'C:\Users\Sandri\git\TIM3_KatalonMobile\Apk\secondhand.apk'

2022-11-01 15:50:46 - [MESSAGE][INFO] - User set preference: ['appWaitActivity', '*']

2022-11-01 15:50:46 - [MESSAGE][INFO] - User set preference: ['uninstallAfterClose', 'false']

2022-11-01 15:50:46 - [MESSAGE][INFO] - User set preference: ['noReset', 'false']

2022-11-01 15:50:46 - [MESSAGE][INFO] - User set preference: ['deviceId', '']

2022-11-01 15:50:46 - [MESSAGE][INFO] - User set preference: ['appWaitforLunch', '30,000']

2022-11-01 15:50:49 - [MESSAGE][INFO] - Appium server started on port 62,200

2022-11-01 15:51:09 - [MESSAGE][PASSED] - Started app at: 'C:\Users\Sandri\git\TIM3_KatalonMobile\Apk\secondhand.apk'

2022-11-01 15:51:09 - [TEST_STEP][PASSED] - callTestCase(findTestCase("stepDefinition/Feature Login/Login001 - Login with valid credential"), [:], STOP_ON_FAILURE): Call Test Case 'Test Cases/stepDefinition/Feature Login/Login001 - Login with valid credential' successfully

2022-11-01 15:51:10 - [TEST_CASE][PASSED] - Test Cases/stepDefinition/Feature Login/Login001 - Login with valid credential: Test Cases/stepDefinition/Feature Login/Login001 - Login with valid credential

2022-11-01 15:51:10 - [TEST_STEP][PASSED] - callTestCase(findTestCase("Pages/Navigation/Tap Akun"), [:], STOP_ON_FAILURE): Call Test Case 'Test Cases/Pages/Navigation/Tap Akun' successfully

2022-11-01 15:51:10 - [TEST_CASE][PASSED] - Test Cases/Pages/Navigation/Tap Akun: Test Cases/Pages/Navigation/Tap Akun

2022-11-01 15:51:10 - [TEST_STEP][PASSED] - tap(findTestObject("navigation_bar/nav_akun"), 0): Tapped on element 'Object Repository/navigation_bar/nav_akun'

2022-11-01 15:51:10 - [MESSAGE][WARNING] - Timeout '0' is invalid. Using default page load timeout: '30'

2022-11-01 15:51:11 - [MESSAGE][PASSED] - Tapped on element 'Object Repository/navigation_bar/nav_akun'

2022-11-01 15:51:11 - [MESSAGE][PASSED] - Call Test Case 'Test Cases/Pages/Navigation/Tap Akun' successfully

2022-11-01 15:51:11 - [TEST_STEP][PASSED] - callTestCase(findTestCase("Pages/Login/Tap masuk"), [:], STOP_ON_FAILURE): Call Test Case 'Test Cases/Pages/Login/Tap masuk' successfully

2022-11-01 15:51:12 - [TEST_CASE][PASSED] - Test Cases/Pages/Login/Tap masuk: Test Cases/Pages/Login/Tap masuk

2022-11-01 15:51:12 - [TEST_STEP][PASSED] - tap(findTestObject("Page_Akun/button_Masuk"), 0): Tapped on element 'Object Repository/Page_Akun/button_Masuk'

2022-11-01 15:51:12 - [MESSAGE][WARNING] - Timeout '0' is invalid. Using default page load timeout: '30'

2022-11-01 15:51:12 - [MESSAGE][PASSED] - Tapped on element 'Object Repository/Page_Akun/button_Masuk'

2022-11-01 15:51:12 - [MESSAGE][PASSED] - Call Test Case 'Test Cases/Pages/Login/Tap masuk' successfully

2022-11-01 15:51:12 - [TEST_STEP][PASSED] - callTestCase(findTestCase("Pages/Login/Input email"), ["email":"apps1@thomi.anonaddy.me"], STOP_ON_FAILURE): Call Test Case 'Test Cases/Pages/Login/Input email' successfully

2022-11-01 15:51:13 - [TEST_CASE][PASSED] - Test Cases/Pages/Login/Input email: Test Cases/Pages/Login/Input email

2022-11-01 15:51:13 - [TEST_STEP][PASSED] - clearText(findTestObject("Page_Login/textfield_email"), 0): Element 'Object Repository/Page_Login/textfield_email' text is cleared

2022-11-01 15:51:13 - [MESSAGE][WARNING] - Timeout '0' is invalid. Using default page load timeout: '30'

2022-11-01 15:51:13 - [MESSAGE][PASSED] - Element 'Object Repository/Page_Login/textfield_email' text is cleared

2022-11-01 15:51:13 - [TEST_STEP][PASSED] - setText(findTestObject("Page_Login/textfield_email"), email, 0): Text 'apps1@thomi.anonaddy.me' has been set to element 'Object Repository/Page_Login/textfield_email'

2022-11-01 15:51:13 - [MESSAGE][WARNING] - Timeout '0' is invalid. Using default page load timeout: '30'

2022-11-01 15:51:15 - [MESSAGE][PASSED] - Text 'apps1@thomi.anonaddy.me' has been set to element 'Object Repository/Page_Login/textfield_email'

2022-11-01 15:51:15 - [MESSAGE][PASSED] - Call Test Case 'Test Cases/Pages/Login/Input email' successfully

2022-11-01 15:51:15 - [TEST_STEP][PASSED] - callTestCase(findTestCase("Pages/Login/Input password"), ["password":"123456"], STOP_ON_FAILURE): Call Test Case 'Test Cases/Pages/Login/Input password' successfully

2022-11-01 15:51:15 - [TEST_CASE][PASSED] - Test Cases/Pages/Login/Input password: Test Cases/Pages/Login/Input password

2022-11-01 15:51:15 - [TEST_STEP][PASSED] - clearText(findTestObject("Page_Login/textfield_password"), 0): Element 'Object Repository/Page_Login/textfield_password' text is cleared

2022-11-01 15:51:15 - [MESSAGE][WARNING] - Timeout '0' is invalid. Using default page load timeout: '30'

2022-11-01 15:51:15 - [MESSAGE][PASSED] - Element 'Object Repository/Page_Login/textfield_password' text is cleared

2022-11-01 15:51:15 - [TEST_STEP][PASSED] - setText(findTestObject("Page_Login/textfield_password"), password, 0): Text '123456' has been set to element 'Object Repository/Page_Login/textfield_password'

2022-11-01 15:51:16 - [MESSAGE][WARNING] - Timeout '0' is invalid. Using default page load timeout: '30'

2022-11-01 15:51:17 - [MESSAGE][PASSED] - Text '123456' has been set to element 'Object Repository/Page_Login/textfield_password'

2022-11-01 15:51:17 - [MESSAGE][PASSED] - Call Test Case 'Test Cases/Pages/Login/Input password' successfully

2022-11-01 15:51:17 - [TEST_STEP][PASSED] - callTestCase(findTestCase("Pages/Login/Tap masuk"), [:], STOP_ON_FAILURE): Call Test Case 'Test Cases/Pages/Login/Tap masuk' successfully

2022-11-01 15:51:17 - [TEST_CASE][PASSED] - Test Cases/Pages/Login/Tap masuk: Test Cases/Pages/Login/Tap masuk

2022-11-01 15:51:17 - [TEST_STEP][PASSED] - tap(findTestObject("Page_Akun/button_Masuk"), 0): Tapped on element 'Object Repository/Page_Akun/button_Masuk'

2022-11-01 15:51:17 - [MESSAGE][WARNING] - Timeout '0' is invalid. Using default page load timeout: '30'

2022-11-01 15:51:17 - [MESSAGE][PASSED] - Tapped on element 'Object Repository/Page_Akun/button_Masuk'

2022-11-01 15:51:17 - [MESSAGE][PASSED] - Call Test Case 'Test Cases/Pages/Login/Tap masuk' successfully

2022-11-01 15:51:17 - [TEST_STEP][PASSED] - callTestCase(findTestCase("Pages/Login/Verify Content after Login"), [:], STOP_ON_FAILURE): Call Test Case 'Test Cases/Pages/Login/Verify Content after Login' successfully

2022-11-01 15:51:17 - [TEST_CASE][PASSED] - Test Cases/Pages/Login/Verify Content after Login: Test Cases/Pages/Login/Verify Content after Login

2022-11-01 15:51:18 - [TEST_STEP][PASSED] - verifyElementVisible(findTestObject("Page_Akun/title_Akun Saya"), 0): Element 'Object Repository/Page_Akun/title_Akun Saya' is visible

2022-11-01 15:51:18 - [MESSAGE][WARNING] - Timeout '0' is invalid. Using default page load timeout: '30'

2022-11-01 15:51:19 - [MESSAGE][PASSED] - Element 'Object Repository/Page_Akun/title_Akun Saya' is visible

2022-11-01 15:51:19 - [TEST_STEP][PASSED] - verifyElementVisible(findTestObject("Page_Akun/image_profile"), 0): Element 'Object Repository/Page_Akun/image_profile' is visible

2022-11-01 15:51:19 - [MESSAGE][WARNING] - Timeout '0' is invalid. Using default page load timeout: '30'

2022-11-01 15:51:19 - [MESSAGE][PASSED] - Element 'Object Repository/Page_Akun/image_profile' is visible

2022-11-01 15:51:19 - [TEST_STEP][PASSED] - verifyElementVisible(findTestObject("Page_Akun/text_profile name"), 0): Element 'Object Repository/Page_Akun/text_profile name' is visible

2022-11-01 15:51:20 - [MESSAGE][WARNING] - Timeout '0' is invalid. Using default page load timeout: '30'

2022-11-01 15:51:20 - [MESSAGE][PASSED] - Element 'Object Repository/Page_Akun/text_profile name' is visible

2022-11-01 15:51:20 - [TEST_STEP][PASSED] - verifyElementVisible(findTestObject("Page_Akun/text_phone"), 0): Element 'Object Repository/Page_Akun/text_phone' is visible

2022-11-01 15:51:20 - [MESSAGE][WARNING] - Timeout '0' is invalid. Using default page load timeout: '30'

2022-11-01 15:51:21 - [MESSAGE][PASSED] - Element 'Object Repository/Page_Akun/text_phone' is visible

2022-11-01 15:51:21 - [TEST_STEP][PASSED] - verifyElementVisible(findTestObject("Page_Akun/text_email"), 0): Element 'Object Repository/Page_Akun/text_email' is visible

2022-11-01 15:51:21 - [MESSAGE][WARNING] - Timeout '0' is invalid. Using default page load timeout: '30'

2022-11-01 15:51:21 - [MESSAGE][PASSED] - Element 'Object Repository/Page_Akun/text_email' is visible

2022-11-01 15:51:21 - [MESSAGE][PASSED] - Call Test Case 'Test Cases/Pages/Login/Verify Content after Login' successfully

2022-11-01 15:51:21 - [MESSAGE][PASSED] - Call Test Case 'Test Cases/stepDefinition/Feature Login/Login001 - Login with valid credential' successfully

2022-11-01 15:51:21 - [TEST_STEP][PASSED] - callTestCase(findTestCase("Pages/Akun/Tap Pesanan Saya"), [:], STOP_ON_FAILURE): Call Test Case 'Test Cases/Pages/Akun/Tap Pesanan Saya' successfully

2022-11-01 15:51:21 - [TEST_CASE][PASSED] - Test Cases/Pages/Akun/Tap Pesanan Saya: Test Cases/Pages/Akun/Tap Pesanan Saya

2022-11-01 15:51:21 - [TEST_STEP][PASSED] - tap(findTestObject("navigation_bar/nav_akun"), 0): Tapped on element 'Object Repository/navigation_bar/nav_akun'

2022-11-01 15:51:21 - [MESSAGE][WARNING] - Timeout '0' is invalid. Using default page load timeout: '30'

2022-11-01 15:51:22 - [MESSAGE][PASSED] - Tapped on element 'Object Repository/navigation_bar/nav_akun'

2022-11-01 15:51:22 - [TEST_STEP][PASSED] - tap(findTestObject("Page_Akun/button_pesanan saya"), 0): Tapped on element 'Object Repository/Page_Akun/button_pesanan saya'

2022-11-01 15:51:22 - [MESSAGE][WARNING] - Timeout '0' is invalid. Using default page load timeout: '30'

2022-11-01 15:51:23 - [MESSAGE][PASSED] - Tapped on element 'Object Repository/Page_Akun/button_pesanan saya'

2022-11-01 15:51:23 - [MESSAGE][PASSED] - Call Test Case 'Test Cases/Pages/Akun/Tap Pesanan Saya' successfully

2022-11-01 15:51:23 - [TEST_STEP][PASSED] - callTestCase(findTestCase("Pages/Akun/Verifiy Content Pesanan Saya"), [:], STOP_ON_FAILURE): Call Test Case 'Test Cases/Pages/Akun/Verifiy Content Pesanan Saya' successfully

2022-11-01 15:51:23 - [TEST_CASE][PASSED] - Test Cases/Pages/Akun/Verifiy Content Pesanan Saya: Test Cases/Pages/Akun/Verifiy Content Pesanan Saya

2022-11-01 15:51:24 - [TEST_STEP][PASSED] - verifyElementVisible(findTestObject("Page_Pesanan_Saya/textview_Penawaran Produk"), 0): Element 'Object Repository/Page_Pesanan_Saya/textview_Penawaran Produk' is visible

2022-11-01 15:51:24 - [MESSAGE][WARNING] - Timeout '0' is invalid. Using default page load timeout: '30'

2022-11-01 15:51:25 - [MESSAGE][PASSED] - Element 'Object Repository/Page_Pesanan_Saya/textview_Penawaran Produk' is visible

2022-11-01 15:51:25 - [TEST_STEP][PASSED] - verifyElementVisible(findTestObject("Page_Pesanan_Saya/textview_Status Pesanan"), 0): Element 'Object Repository/Page_Pesanan_Saya/textview_Status Pesanan' is visible

2022-11-01 15:51:25 - [MESSAGE][WARNING] - Timeout '0' is invalid. Using default page load timeout: '30'

2022-11-01 15:51:26 - [MESSAGE][PASSED] - Element 'Object Repository/Page_Pesanan_Saya/textview_Status Pesanan' is visible

2022-11-01 15:51:26 - [TEST_STEP][PASSED] - verifyElementVisible(findTestObject("Page_Pesanan_Saya/image_Pesanan Saya"), 0): Element 'Object Repository/Page_Pesanan_Saya/image_Pesanan Saya' is visible

2022-11-01 15:51:26 - [MESSAGE][WARNING] - Timeout '0' is invalid. Using default page load timeout: '30'

2022-11-01 15:51:26 - [MESSAGE][PASSED] - Element 'Object Repository/Page_Pesanan_Saya/image_Pesanan Saya' is visible

2022-11-01 15:51:26 - [TEST_STEP][PASSED] - verifyElementVisible(findTestObject("Page_Pesanan_Saya/textview_Nama Produk"), 0): Element 'Object Repository/Page_Pesanan_Saya/textview_Nama Produk' is visible

2022-11-01 15:51:26 - [MESSAGE][WARNING] - Timeout '0' is invalid. Using default page load timeout: '30'

2022-11-01 15:51:26 - [MESSAGE][PASSED] - Element 'Object Repository/Page_Pesanan_Saya/textview_Nama Produk' is visible

2022-11-01 15:51:26 - [TEST_STEP][PASSED] - verifyElementVisible(findTestObject("Page_Pesanan_Saya/textview_Harga"), 0): Element 'Object Repository/Page_Pesanan_Saya/textview_Harga' is visible

2022-11-01 15:51:26 - [MESSAGE][WARNING] - Timeout '0' is invalid. Using default page load timeout: '30'

2022-11-01 15:51:26 - [MESSAGE][PASSED] - Element 'Object Repository/Page_Pesanan_Saya/textview_Harga' is visible

2022-11-01 15:51:26 - [TEST_STEP][PASSED] - verifyElementVisible(findTestObject("Page_Pesanan_Saya/textview_Harga Tawar"), 0): Element 'Object Repository/Page_Pesanan_Saya/textview_Harga Tawar' is visible

2022-11-01 15:51:26 - [MESSAGE][WARNING] - Timeout '0' is invalid. Using default page load timeout: '30'

2022-11-01 15:51:26 - [MESSAGE][PASSED] - Element 'Object Repository/Page_Pesanan_Saya/textview_Harga Tawar' is visible

2022-11-01 15:51:26 - [MESSAGE][PASSED] - Call Test Case 'Test Cases/Pages/Akun/Verifiy Content Pesanan Saya' successfully

2022-11-01 15:51:26 - [TEST_STEP][PASSED] - callTestCase(findTestCase("Pages/Akun/Tap Product Pesanan Saya"), [:], STOP_ON_FAILURE): Call Test Case 'Test Cases/Pages/Akun/Tap Product Pesanan Saya' successfully

2022-11-01 15:51:26 - [TEST_CASE][PASSED] - Test Cases/Pages/Akun/Tap Product Pesanan Saya: Test Cases/Pages/Akun/Tap Product Pesanan Saya

2022-11-01 15:51:27 - [TEST_STEP][PASSED] - tap(findTestObject("Page_Pesanan_Saya/card_Produk1"), 0): Tapped on element 'Object Repository/Page_Pesanan_Saya/card_Produk1'

2022-11-01 15:51:27 - [MESSAGE][WARNING] - Timeout '0' is invalid. Using default page load timeout: '30'

2022-11-01 15:51:27 - [MESSAGE][PASSED] - Tapped on element 'Object Repository/Page_Pesanan_Saya/card_Produk1'

2022-11-01 15:51:27 - [MESSAGE][PASSED] - Call Test Case 'Test Cases/Pages/Akun/Tap Product Pesanan Saya' successfully

2022-11-01 15:51:27 - [TEST_STEP][PASSED] - Start listener action : afterTestCase: Close app successfully

2022-11-01 15:51:27 - [TEST_STEP][PASSED] - logInfo("Test Case: " + testCaseContext.getTestCaseId()): Test Case: Test Cases/stepDefinition/Feature Pesanan Saya/PESANAN001 - Click Pesanan Saya

2022-11-01 15:51:27 - [MESSAGE][INFO] - Test Case: Test Cases/stepDefinition/Feature Pesanan Saya/PESANAN001 - Click Pesanan Saya

2022-11-01 15:51:27 - [TEST_STEP][PASSED] - closeApplication(): Close app successfully

2022-11-01 15:51:28 - [MESSAGE][PASSED] - Close app successfully]]></system-out>
         <system-err><![CDATA[]]></system-err>
      </testcase>
      <system-out><![CDATA[2022-11-01 15:50:45 - [TEST_SUITE][PASSED] - Feature Pesanan Saya: Test Cases/stepDefinition/Feature Pesanan Saya/PESANAN001 - Click Pesanan Saya]]></system-out>
      <system-err><![CDATA[]]></system-err>
   </testsuite>
</testsuites>
