<?xml version="1.0" encoding="UTF-8"?>
<testsuites name="Feature View Product List" time="65.611" tests="1" failures="0" errors="0">
   <testsuite name="Feature View Product List" tests="1" failures="0" errors="0" time="65.611" skipped="0" timestamp="2022-11-01 14:21:02" hostname="Lenovo - DESKTOP-TFJ29AG" id="Test Suites/Feature View Product List">
      <properties>
         <property name="deviceName" value="vivo vivo 1902 (Android 9)"/>
         <property name="devicePlatform" value=""/>
         <property name="logFolder" value="C:\\Users\\Lenovo\\git\\TIM3_KatalonMobile\\Reports\\20221101_142054\\Feature View Product List\\20221101_142054"/>
         <property name="logFiles" value="C:\\Users\\Lenovo\\git\\TIM3_KatalonMobile\\Reports\\20221101_142054\\Feature View Product List\\20221101_142054\\appium.log, C:\\Users\\Lenovo\\git\\TIM3_KatalonMobile\\Reports\\20221101_142054\\Feature View Product List\\20221101_142054\\execution0.log"/>
         <property name="attachments" value=""/>
         <property name="hostName" value="Lenovo - DESKTOP-TFJ29AG"/>
         <property name="os" value="Windows 10 64bit"/>
         <property name="appiumServerStatus" value="{&quot;value&quot;:{&quot;build&quot;:{&quot;version&quot;:&quot;1.22.3&quot;}},&quot;sessionId&quot;:null,&quot;status&quot;:0}"/>
         <property name="katalonVersion" value="8.5.0.208"/>
         <property name="deviceOS" value="Android"/>
         <property name="appiumVersion" value="1.22.3"/>
         <property name="deviceModel" value="vivo 1902"/>
         <property name="hostAddress" value="192.168.1.15"/>
         <property name="deviceManufacturer" value="vivo"/>
         <property name="deviceId" value="MNNVLBBY4TKZYL4H"/>
         <property name="deviceName" value="vivo vivo 1902 (Android 9)"/>
         <property name="deviceOSVersion" value="9"/>
      </properties>
      <testcase name="Test Cases/stepDefinition/Feature View Product List/ViewProductList001-User Want to See All Product List" time="64.855" classname="Test Cases/stepDefinition/Feature View Product List/ViewProductList001-User Want to See All Product List" status="PASSED">
         <system-out><![CDATA[2022-11-01 14:21:03 - [TEST_CASE][PASSED] - Test Cases/stepDefinition/Feature View Product List/ViewProductList001-User Want to See All Product List: Test Cases/stepDefinition/Feature View Product List/ViewProductList001-User Want to See All Product List

2022-11-01 14:21:03 - [TEST_STEP][PASSED] - Start listener action : beforeTestCase: Started app at: 'C:\Users\Lenovo\git\TIM3_KatalonMobile\Apk\secondhand.apk'

2022-11-01 14:21:03 - [TEST_STEP][PASSED] - logInfo("Test Case: " + testCaseContext.getTestCaseId()): Test Case: Test Cases/stepDefinition/Feature View Product List/ViewProductList001-User Want to See All Product List

2022-11-01 14:21:03 - [MESSAGE][INFO] - Test Case: Test Cases/stepDefinition/Feature View Product List/ViewProductList001-User Want to See All Product List

2022-11-01 14:21:03 - [TEST_STEP][PASSED] - launchApp(): null

2022-11-01 14:21:03 - [TEST_STEP][PASSED] - startApplication("Apk/secondhand.apk", true): Started app at: 'C:\Users\Lenovo\git\TIM3_KatalonMobile\Apk\secondhand.apk'

2022-11-01 14:21:04 - [MESSAGE][INFO] - User set preference: ['appWaitActivity', '*']

2022-11-01 14:21:04 - [MESSAGE][INFO] - User set preference: ['noReset', 'false']

2022-11-01 14:21:04 - [MESSAGE][INFO] - User set preference: ['deviceId', '']

2022-11-01 14:21:04 - [MESSAGE][INFO] - User set preference: ['appWaitforLunch', '30,000']

2022-11-01 14:21:04 - [MESSAGE][INFO] - Detected NodeJS location: "C:\Program Files\nodejs\node.exe"

2022-11-01 14:21:07 - [MESSAGE][INFO] - Appium server started on port 49,901

2022-11-01 14:21:37 - [MESSAGE][PASSED] - Started app at: 'C:\Users\Lenovo\git\TIM3_KatalonMobile\Apk\secondhand.apk'

2022-11-01 14:21:38 - [TEST_STEP][PASSED] - callTestCase(findTestCase("stepDefinition/Feature Login/Login001 - Login with valid credential"), [:], STOP_ON_FAILURE): Call Test Case 'Test Cases/stepDefinition/Feature Login/Login001 - Login with valid credential' successfully

2022-11-01 14:21:38 - [TEST_CASE][PASSED] - Test Cases/stepDefinition/Feature Login/Login001 - Login with valid credential: Test Cases/stepDefinition/Feature Login/Login001 - Login with valid credential

2022-11-01 14:21:39 - [TEST_STEP][PASSED] - callTestCase(findTestCase("Pages/Navigation/Tap Akun"), [:], STOP_ON_FAILURE): Call Test Case 'Test Cases/Pages/Navigation/Tap Akun' successfully

2022-11-01 14:21:40 - [TEST_CASE][PASSED] - Test Cases/Pages/Navigation/Tap Akun: Test Cases/Pages/Navigation/Tap Akun

2022-11-01 14:21:41 - [TEST_STEP][PASSED] - tap(findTestObject("navigation_bar/nav_akun"), 0): Tapped on element 'Object Repository/navigation_bar/nav_akun'

2022-11-01 14:21:41 - [MESSAGE][WARNING] - Timeout '0' is invalid. Using default page load timeout: '30'

2022-11-01 14:21:43 - [MESSAGE][PASSED] - Tapped on element 'Object Repository/navigation_bar/nav_akun'

2022-11-01 14:21:43 - [MESSAGE][PASSED] - Call Test Case 'Test Cases/Pages/Navigation/Tap Akun' successfully

2022-11-01 14:21:43 - [TEST_STEP][PASSED] - callTestCase(findTestCase("Pages/Login/Tap masuk"), [:], STOP_ON_FAILURE): Call Test Case 'Test Cases/Pages/Login/Tap masuk' successfully

2022-11-01 14:21:43 - [TEST_CASE][PASSED] - Test Cases/Pages/Login/Tap masuk: Test Cases/Pages/Login/Tap masuk

2022-11-01 14:21:45 - [TEST_STEP][PASSED] - tap(findTestObject("Page_Akun/button_Masuk"), 0): Tapped on element 'Object Repository/Page_Akun/button_Masuk'

2022-11-01 14:21:45 - [MESSAGE][WARNING] - Timeout '0' is invalid. Using default page load timeout: '30'

2022-11-01 14:21:45 - [MESSAGE][PASSED] - Tapped on element 'Object Repository/Page_Akun/button_Masuk'

2022-11-01 14:21:45 - [MESSAGE][PASSED] - Call Test Case 'Test Cases/Pages/Login/Tap masuk' successfully

2022-11-01 14:21:45 - [TEST_STEP][PASSED] - callTestCase(findTestCase("Pages/Login/Input email"), ["email":"apps1@thomi.anonaddy.me"], STOP_ON_FAILURE): Call Test Case 'Test Cases/Pages/Login/Input email' successfully

2022-11-01 14:21:46 - [TEST_CASE][PASSED] - Test Cases/Pages/Login/Input email: Test Cases/Pages/Login/Input email

2022-11-01 14:21:47 - [TEST_STEP][PASSED] - clearText(findTestObject("Page_Login/textfield_email"), 0): Element 'Object Repository/Page_Login/textfield_email' text is cleared

2022-11-01 14:21:47 - [MESSAGE][WARNING] - Timeout '0' is invalid. Using default page load timeout: '30'

2022-11-01 14:21:48 - [MESSAGE][PASSED] - Element 'Object Repository/Page_Login/textfield_email' text is cleared

2022-11-01 14:21:48 - [TEST_STEP][PASSED] - setText(findTestObject("Page_Login/textfield_email"), email, 0): Text 'apps1@thomi.anonaddy.me' has been set to element 'Object Repository/Page_Login/textfield_email'

2022-11-01 14:21:48 - [MESSAGE][WARNING] - Timeout '0' is invalid. Using default page load timeout: '30'

2022-11-01 14:21:50 - [MESSAGE][PASSED] - Text 'apps1@thomi.anonaddy.me' has been set to element 'Object Repository/Page_Login/textfield_email'

2022-11-01 14:21:50 - [MESSAGE][PASSED] - Call Test Case 'Test Cases/Pages/Login/Input email' successfully

2022-11-01 14:21:50 - [TEST_STEP][PASSED] - callTestCase(findTestCase("Pages/Login/Input password"), ["password":"123456"], STOP_ON_FAILURE): Call Test Case 'Test Cases/Pages/Login/Input password' successfully

2022-11-01 14:21:50 - [TEST_CASE][PASSED] - Test Cases/Pages/Login/Input password: Test Cases/Pages/Login/Input password

2022-11-01 14:21:51 - [TEST_STEP][PASSED] - clearText(findTestObject("Page_Login/textfield_password"), 0): Element 'Object Repository/Page_Login/textfield_password' text is cleared

2022-11-01 14:21:51 - [MESSAGE][WARNING] - Timeout '0' is invalid. Using default page load timeout: '30'

2022-11-01 14:21:52 - [MESSAGE][PASSED] - Element 'Object Repository/Page_Login/textfield_password' text is cleared

2022-11-01 14:21:52 - [TEST_STEP][PASSED] - setText(findTestObject("Page_Login/textfield_password"), password, 0): Text '123456' has been set to element 'Object Repository/Page_Login/textfield_password'

2022-11-01 14:21:52 - [MESSAGE][WARNING] - Timeout '0' is invalid. Using default page load timeout: '30'

2022-11-01 14:21:53 - [MESSAGE][PASSED] - Text '123456' has been set to element 'Object Repository/Page_Login/textfield_password'

2022-11-01 14:21:53 - [MESSAGE][PASSED] - Call Test Case 'Test Cases/Pages/Login/Input password' successfully

2022-11-01 14:21:53 - [TEST_STEP][PASSED] - callTestCase(findTestCase("Pages/Login/Tap masuk"), [:], STOP_ON_FAILURE): Call Test Case 'Test Cases/Pages/Login/Tap masuk' successfully

2022-11-01 14:21:53 - [TEST_CASE][PASSED] - Test Cases/Pages/Login/Tap masuk: Test Cases/Pages/Login/Tap masuk

2022-11-01 14:21:53 - [TEST_STEP][PASSED] - tap(findTestObject("Page_Akun/button_Masuk"), 0): Tapped on element 'Object Repository/Page_Akun/button_Masuk'

2022-11-01 14:21:54 - [MESSAGE][WARNING] - Timeout '0' is invalid. Using default page load timeout: '30'

2022-11-01 14:21:54 - [MESSAGE][PASSED] - Tapped on element 'Object Repository/Page_Akun/button_Masuk'

2022-11-01 14:21:54 - [MESSAGE][PASSED] - Call Test Case 'Test Cases/Pages/Login/Tap masuk' successfully

2022-11-01 14:21:54 - [TEST_STEP][PASSED] - callTestCase(findTestCase("Pages/Login/Verify Content after Login"), [:], STOP_ON_FAILURE): Call Test Case 'Test Cases/Pages/Login/Verify Content after Login' successfully

2022-11-01 14:21:54 - [TEST_CASE][PASSED] - Test Cases/Pages/Login/Verify Content after Login: Test Cases/Pages/Login/Verify Content after Login

2022-11-01 14:21:55 - [TEST_STEP][PASSED] - verifyElementVisible(findTestObject("Page_Akun/title_Akun Saya"), 0): Element 'Object Repository/Page_Akun/title_Akun Saya' is visible

2022-11-01 14:21:56 - [MESSAGE][WARNING] - Timeout '0' is invalid. Using default page load timeout: '30'

2022-11-01 14:21:56 - [MESSAGE][PASSED] - Element 'Object Repository/Page_Akun/title_Akun Saya' is visible

2022-11-01 14:21:56 - [TEST_STEP][PASSED] - verifyElementVisible(findTestObject("Page_Akun/image_profile"), 0): Element 'Object Repository/Page_Akun/image_profile' is visible

2022-11-01 14:21:56 - [MESSAGE][WARNING] - Timeout '0' is invalid. Using default page load timeout: '30'

2022-11-01 14:21:57 - [MESSAGE][PASSED] - Element 'Object Repository/Page_Akun/image_profile' is visible

2022-11-01 14:21:57 - [TEST_STEP][PASSED] - verifyElementVisible(findTestObject("Page_Akun/text_profile name"), 0): Element 'Object Repository/Page_Akun/text_profile name' is visible

2022-11-01 14:21:57 - [MESSAGE][WARNING] - Timeout '0' is invalid. Using default page load timeout: '30'

2022-11-01 14:21:57 - [MESSAGE][PASSED] - Element 'Object Repository/Page_Akun/text_profile name' is visible

2022-11-01 14:21:57 - [TEST_STEP][PASSED] - verifyElementVisible(findTestObject("Page_Akun/text_phone"), 0): Element 'Object Repository/Page_Akun/text_phone' is visible

2022-11-01 14:21:58 - [MESSAGE][WARNING] - Timeout '0' is invalid. Using default page load timeout: '30'

2022-11-01 14:22:00 - [MESSAGE][PASSED] - Element 'Object Repository/Page_Akun/text_phone' is visible

2022-11-01 14:22:00 - [TEST_STEP][PASSED] - verifyElementVisible(findTestObject("Page_Akun/text_email"), 0): Element 'Object Repository/Page_Akun/text_email' is visible

2022-11-01 14:22:00 - [MESSAGE][WARNING] - Timeout '0' is invalid. Using default page load timeout: '30'

2022-11-01 14:22:01 - [MESSAGE][PASSED] - Element 'Object Repository/Page_Akun/text_email' is visible

2022-11-01 14:22:01 - [MESSAGE][PASSED] - Call Test Case 'Test Cases/Pages/Login/Verify Content after Login' successfully

2022-11-01 14:22:01 - [MESSAGE][PASSED] - Call Test Case 'Test Cases/stepDefinition/Feature Login/Login001 - Login with valid credential' successfully

2022-11-01 14:22:01 - [TEST_STEP][PASSED] - callTestCase(findTestCase("Pages/Navigation/Tap Beranda"), [:], STOP_ON_FAILURE): Call Test Case 'Test Cases/Pages/Navigation/Tap Beranda' successfully

2022-11-01 14:22:01 - [TEST_CASE][PASSED] - Test Cases/Pages/Navigation/Tap Beranda: Test Cases/Pages/Navigation/Tap Beranda

2022-11-01 14:22:02 - [TEST_STEP][PASSED] - tap(findTestObject("navigation_bar/nav_beranda"), 0): Tapped on element 'Object Repository/navigation_bar/nav_beranda'

2022-11-01 14:22:03 - [MESSAGE][WARNING] - Timeout '0' is invalid. Using default page load timeout: '30'

2022-11-01 14:22:03 - [MESSAGE][PASSED] - Tapped on element 'Object Repository/navigation_bar/nav_beranda'

2022-11-01 14:22:03 - [MESSAGE][PASSED] - Call Test Case 'Test Cases/Pages/Navigation/Tap Beranda' successfully

2022-11-01 14:22:03 - [TEST_STEP][PASSED] - callTestCase(findTestCase("Pages/ViewProductList/Tap Semua"), [:], STOP_ON_FAILURE): Call Test Case 'Test Cases/Pages/ViewProductList/Tap Semua' successfully

2022-11-01 14:22:03 - [TEST_CASE][PASSED] - Test Cases/Pages/ViewProductList/Tap Semua: Test Cases/Pages/ViewProductList/Tap Semua

2022-11-01 14:22:05 - [TEST_STEP][PASSED] - tap(findTestObject("Homepage/button_Semua"), 0): Tapped on element 'Object Repository/Homepage/button_Semua'

2022-11-01 14:22:05 - [MESSAGE][WARNING] - Timeout '0' is invalid. Using default page load timeout: '30'

2022-11-01 14:22:05 - [MESSAGE][PASSED] - Tapped on element 'Object Repository/Homepage/button_Semua'

2022-11-01 14:22:05 - [MESSAGE][PASSED] - Call Test Case 'Test Cases/Pages/ViewProductList/Tap Semua' successfully

2022-11-01 14:22:05 - [TEST_STEP][PASSED] - Start listener action : afterTestCase: Close app successfully

2022-11-01 14:22:05 - [TEST_STEP][PASSED] - logInfo("Test Case: " + testCaseContext.getTestCaseId()): Test Case: Test Cases/stepDefinition/Feature View Product List/ViewProductList001-User Want to See All Product List

2022-11-01 14:22:05 - [MESSAGE][INFO] - Test Case: Test Cases/stepDefinition/Feature View Product List/ViewProductList001-User Want to See All Product List

2022-11-01 14:22:05 - [TEST_STEP][PASSED] - closeApplication(): Close app successfully

2022-11-01 14:22:08 - [MESSAGE][PASSED] - Close app successfully]]></system-out>
         <system-err><![CDATA[]]></system-err>
      </testcase>
      <system-out><![CDATA[2022-11-01 14:21:02 - [TEST_SUITE][PASSED] - Feature View Product List: Test Cases/stepDefinition/Feature View Product List/ViewProductList001-User Want to See All Product List]]></system-out>
      <system-err><![CDATA[]]></system-err>
   </testsuite>
</testsuites>
